<?xml version="1.0" encoding="UTF-8"?>
<coverage generated="1654589293538" clover="3.2.0">
  <project timestamp="1654589293538" name="All files">
    <metrics statements="4" coveredstatements="2" conditionals="1" coveredconditionals="0" methods="3" coveredmethods="1" elements="8" coveredelements="3" complexity="0" loc="4" ncloc="4" packages="1" files="1" classes="1"/>
    <file name="util.js" path="/Users/m1pro/Desktop/mine/sj-main-project/sj-edit/test/util.js">
      <metrics statements="4" coveredstatements="2" conditionals="1" coveredconditionals="0" methods="3" coveredmethods="1"/>
      <line num="2" count="0" type="stmt"/>
      <line num="3" count="0" type="stmt"/>
      <line num="10" count="2" type="stmt"/>
      <line num="15" count="2" type="stmt"/>
    </file>
  </project>
</coverage>
