{"/Users/m1pro/Desktop/mine/sj-main-project/sj-edit/test/util.js": {"path":"/Users/m1pro/Desktop/mine/sj-main-project/sj-edit/test/util.js","statementMap":{"0":{"start":{"line":2,"column":2},"end":{"line":4,"column":4}},"1":{"start":{"line":3,"column":4},"end":{"line":3,"column":33}},"2":{"start":{"line":10,"column":2},"end":{"line":10,"column":15}},"3":{"start":{"line":15,"column":0},"end":{"line":18,"column":1}}},"fnMap":{"0":{"name":"sleep","decl":{"start":{"line":1,"column":15},"end":{"line":1,"column":20}},"loc":{"start":{"line":1,"column":37},"end":{"line":5,"column":1}},"line":1},"1":{"name":"(anonymous_1)","decl":{"start":{"line":2,"column":21},"end":{"line":2,"column":22}},"loc":{"start":{"line":2,"column":48},"end":{"line":4,"column":3}},"line":2},"2":{"name":"sum","decl":{"start":{"line":7,"column":9},"end":{"line":7,"column":12}},"loc":{"start":{"line":7,"column":19},"end":{"line":11,"column":1}},"line":7}},"branchMap":{"0":{"loc":{"start":{"line":1,"column":21},"end":{"line":1,"column":35}},"type":"default-arg","locations":[{"start":{"line":1,"column":31},"end":{"line":1,"column":35}}],"line":1}},"s":{"0":0,"1":0,"2":2,"3":2},"f":{"0":0,"1":0,"2":2},"b":{"0":[0]},"_coverageSchema":"1a1c01bbd47fc00a2c39e90264f33305004495a9","hash":"d2e7541e79b0387109bcca48363fd3fae2136b9e"}
}
